<?xml version="1.0" encoding="UTF-8"?>
<!-- Generated by org.testng.reporters.JUnitReportReporter -->
<testsuite skipped="0" hostname="DESKTOP-5QA3TUK" name="krish.MavenJava.AppiumTest" tests="2" failures="0" timestamp="2021-10-02T13:23:37 IST" time="0.009" errors="0">
  <testcase name="nativeAndroid" time="0.001" classname="krish.MavenJava.AppiumTest"/>
  <testcase name="iosApps" time="0.008" classname="krish.MavenJava.AppiumTest"/>
</testsuite> <!-- krish.MavenJava.AppiumTest -->
