<?xml version="1.0" encoding="UTF-8"?>
<!-- Generated by org.testng.reporters.JUnitReportReporter -->
<testsuite skipped="0" hostname="DESKTOP-5QA3TUK" name="krish.MavenJava.RESTAPITest" tests="2" failures="0" timestamp="2021-10-02T13:23:37 IST" time="0.000" errors="0">
  <testcase name="deleteTwitter" time="0.000" classname="krish.MavenJava.RESTAPITest"/>
  <testcase name="postJira" time="0.000" classname="krish.MavenJava.RESTAPITest"/>
</testsuite> <!-- krish.MavenJava.RESTAPITest -->
