<?xml version="1.0" encoding="UTF-8"?>
<!-- Generated by org.testng.reporters.JUnitReportReporter -->
<testsuite hostname="DESKTOP-5QA3TUK" failures="0" tests="2" name="krish.MavenJava.RESTAPITest" time="0.010" errors="0" timestamp="2021-09-30T13:15:02 IST" skipped="0">
  <testcase classname="krish.MavenJava.RESTAPITest" name="postJira" time="0.001"/>
  <system-out/>
  <testcase classname="krish.MavenJava.RESTAPITest" name="deleteTwitter" time="0.009"/>
  <system-out/>
</testsuite> <!-- krish.MavenJava.RESTAPITest -->
