<?xml version="1.0" encoding="UTF-8"?>
<!-- Generated by org.testng.reporters.JUnitReportReporter -->
<testsuite hostname="DESKTOP-5QA3TUK" failures="0" tests="1" name="krish.MavenJava.SeleniumTest" time="0.014" errors="0" timestamp="2021-09-30T12:32:08 IST" skipped="0">
  <testcase classname="krish.MavenJava.SeleniumTest" name="browserAutomation" time="0.014"/>
  <system-out/>
</testsuite> <!-- krish.MavenJava.SeleniumTest -->
